app/build/intermediates/manifest_merge_blame_file/debug/manifest-merger-blame-debug-report.txt
1<?xml version="1.0" encoding="utf-8"?>
2<manifest xmlns:android="http://schemas.android.com/apk/res/android"
3    package="com.example.appmovildoncurrulocilindro"
4    android:versionCode="1"
5    android:versionName="1.0" >
6
7    <uses-sdk
8        android:minSdkVersion="21"
8-->src\main\AndroidManifest.xml
9        android:targetSdkVersion="33" />
9-->src\main\AndroidManifest.xml
10
11    <uses-permission android:name="android.permission.INTERNET" />
11-->src\main\AndroidManifest.xml:5:5-67
11-->src\main\AndroidManifest.xml:5:22-64
12    <uses-permission android:name="android.permission.ACCESS_FINE_LOCATION" />
12-->src\main\AndroidManifest.xml:6:5-79
12-->src\main\AndroidManifest.xml:6:22-76
13    <uses-permission android:name="android.permission.ACCESS_COARSE_LOCATION" />
13-->src\main\AndroidManifest.xml:7:5-81
13-->src\main\AndroidManifest.xml:7:22-78
14    <uses-permission android:name="android.permission.WRITE_EXTERNAL_STORAGE" />
14-->src\main\AndroidManifest.xml:8:5-81
14-->src\main\AndroidManifest.xml:8:22-78
15    <uses-permission android:name="android.permission.READ_EXTERNAL_STORAGE" />
15-->src\main\AndroidManifest.xml:9:5-80
15-->src\main\AndroidManifest.xml:9:22-77
16
17    <!-- Include required permissions for Google Maps API to run. -->
18    <uses-permission android:name="android.permission.ACCESS_NETWORK_STATE" />
18-->[com.google.android.gms:play-services-maps:17.0.1] AndroidManifest.xml:23:5-79
18-->[com.google.android.gms:play-services-maps:17.0.1] AndroidManifest.xml:23:22-76
19
20    <uses-feature
20-->[com.google.android.gms:play-services-maps:17.0.1] AndroidManifest.xml:26:5-28:35
21        android:glEsVersion="0x00020000"
21-->[com.google.android.gms:play-services-maps:17.0.1] AndroidManifest.xml:27:9-41
22        android:required="true" />
22-->[com.google.android.gms:play-services-maps:17.0.1] AndroidManifest.xml:28:9-32
23
24    <queries>
24-->[com.google.android.gms:play-services-maps:17.0.1] AndroidManifest.xml:30:5-34:15
25
26        <!-- Needs to be explicitly declared on Android R+ -->
27        <package android:name="com.google.android.apps.maps" />
27-->[com.google.android.gms:play-services-maps:17.0.1] AndroidManifest.xml:33:9-64
27-->[com.google.android.gms:play-services-maps:17.0.1] AndroidManifest.xml:33:18-61
28    </queries>
29
30    <application
30-->src\main\AndroidManifest.xml:11:5-76:19
31        android:allowBackup="true"
31-->src\main\AndroidManifest.xml:12:9-35
32        android:appComponentFactory="androidx.core.app.CoreComponentFactory"
32-->[androidx.core:core:1.8.0] AndroidManifest.xml:24:18-86
33        android:dataExtractionRules="@xml/data_extraction_rules"
33-->src\main\AndroidManifest.xml:13:9-65
34        android:debuggable="true"
35        android:fullBackupContent="@xml/backup_rules"
35-->src\main\AndroidManifest.xml:14:9-54
36        android:icon="@mipmap/ic_launcher"
36-->src\main\AndroidManifest.xml:15:9-43
37        android:label="@string/app_name"
37-->src\main\AndroidManifest.xml:16:9-41
38        android:supportsRtl="true"
38-->src\main\AndroidManifest.xml:17:9-35
39        android:theme="@style/Theme.AppMovilDonCurruloCilindro"
39-->src\main\AndroidManifest.xml:18:9-64
40        android:usesCleartextTraffic="true" >
40-->src\main\AndroidManifest.xml:19:9-44
41        <activity
41-->src\main\AndroidManifest.xml:21:9-23:40
42            android:name="com.example.appmovildoncurrulocilindro.ui.DetalleMisComprasActivity"
42-->src\main\AndroidManifest.xml:22:13-57
43            android:exported="false" />
43-->src\main\AndroidManifest.xml:23:13-37
44        <activity
44-->src\main\AndroidManifest.xml:24:9-26:40
45            android:name="com.example.appmovildoncurrulocilindro.ui.PlatosCarritoActivity"
45-->src\main\AndroidManifest.xml:25:13-53
46            android:exported="false" />
46-->src\main\AndroidManifest.xml:26:13-37
47        <activity
47-->src\main\AndroidManifest.xml:27:9-29:40
48            android:name="com.example.appmovildoncurrulocilindro.ui.DetallePlatoActivity"
48-->src\main\AndroidManifest.xml:28:13-52
49            android:exported="false" />
49-->src\main\AndroidManifest.xml:29:13-37
50        <activity
50-->src\main\AndroidManifest.xml:30:9-32:40
51            android:name="com.example.appmovildoncurrulocilindro.ui.ListarPlatosPorCategoriaActivity"
51-->src\main\AndroidManifest.xml:31:13-64
52            android:exported="false" />
52-->src\main\AndroidManifest.xml:32:13-37
53        <activity
53-->src\main\AndroidManifest.xml:33:9-35:40
54            android:name="com.example.appmovildoncurrulocilindro.ui.PagoPedidoActivity"
54-->src\main\AndroidManifest.xml:34:13-50
55            android:exported="false" />
55-->src\main\AndroidManifest.xml:35:13-37
56        <activity
56-->src\main\AndroidManifest.xml:36:9-38:40
57            android:name="com.example.appmovildoncurrulocilindro.ui.ComprobanteVentaActivity"
57-->src\main\AndroidManifest.xml:37:13-56
58            android:exported="false" />
58-->src\main\AndroidManifest.xml:38:13-37
59        <activity
59-->src\main\AndroidManifest.xml:39:9-41:40
60            android:name="com.example.appmovildoncurrulocilindro.ui.MinijuegoActivity"
60-->src\main\AndroidManifest.xml:40:13-49
61            android:exported="false" />
61-->src\main\AndroidManifest.xml:41:13-37
62        <activity
62-->src\main\AndroidManifest.xml:42:9-44:40
63            android:name="com.example.appmovildoncurrulocilindro.ui.RecoverPasswordActivity"
63-->src\main\AndroidManifest.xml:43:13-55
64            android:exported="false" />
64-->src\main\AndroidManifest.xml:44:13-37
65        <activity
65-->src\main\AndroidManifest.xml:45:9-47:40
66            android:name="com.example.appmovildoncurrulocilindro.ui.RegisterActivity"
66-->src\main\AndroidManifest.xml:46:13-48
67            android:exported="false" />
67-->src\main\AndroidManifest.xml:47:13-37
68        <activity
68-->src\main\AndroidManifest.xml:48:9-50:40
69            android:name="com.example.appmovildoncurrulocilindro.ui.LoginActivity"
69-->src\main\AndroidManifest.xml:49:13-45
70            android:exported="false" />
70-->src\main\AndroidManifest.xml:50:13-37
71        <activity
71-->src\main\AndroidManifest.xml:51:9-59:20
72            android:name="com.example.appmovildoncurrulocilindro.ui.PantallaCargaActivity"
72-->src\main\AndroidManifest.xml:52:13-53
73            android:exported="true" >
73-->src\main\AndroidManifest.xml:53:13-36
74            <intent-filter>
74-->src\main\AndroidManifest.xml:54:13-58:29
75                <action android:name="android.intent.action.MAIN" />
75-->src\main\AndroidManifest.xml:55:17-69
75-->src\main\AndroidManifest.xml:55:25-66
76
77                <category android:name="android.intent.category.LAUNCHER" />
77-->src\main\AndroidManifest.xml:57:17-77
77-->src\main\AndroidManifest.xml:57:27-74
78            </intent-filter>
79        </activity>
80        <activity
80-->src\main\AndroidManifest.xml:60:9-62:40
81            android:name="com.example.appmovildoncurrulocilindro.ui.MainActivity"
81-->src\main\AndroidManifest.xml:61:13-44
82            android:exported="false" />
82-->src\main\AndroidManifest.xml:62:13-37
83        <activity
83-->src\main\AndroidManifest.xml:63:9-65:40
84            android:name="com.example.appmovildoncurrulocilindro.ui.BienvenidaActivity"
84-->src\main\AndroidManifest.xml:64:13-50
85            android:exported="false" />
85-->src\main\AndroidManifest.xml:65:13-37
86        <activity
86-->src\main\AndroidManifest.xml:66:9-68:40
87            android:name="com.example.appmovildoncurrulocilindro.ui.ComienzoActivity"
87-->src\main\AndroidManifest.xml:67:13-48
88            android:exported="false" />
88-->src\main\AndroidManifest.xml:68:13-37
89        <activity
89-->src\main\AndroidManifest.xml:69:9-71:40
90            android:name="com.example.appmovildoncurrulocilindro.ui.InicioActivity"
90-->src\main\AndroidManifest.xml:70:13-46
91            android:exported="false" />
91-->src\main\AndroidManifest.xml:71:13-37
92
93        <meta-data
93-->src\main\AndroidManifest.xml:73:9-75:57
94            android:name="preloaded_fonts"
94-->src\main\AndroidManifest.xml:74:13-43
95            android:resource="@array/preloaded_fonts" />
95-->src\main\AndroidManifest.xml:75:13-54
96        <!-- Needs to be explicitly declared on P+ -->
97        <uses-library
97-->[com.google.android.gms:play-services-maps:17.0.1] AndroidManifest.xml:39:9-41:40
98            android:name="org.apache.http.legacy"
98-->[com.google.android.gms:play-services-maps:17.0.1] AndroidManifest.xml:40:13-50
99            android:required="false" />
99-->[com.google.android.gms:play-services-maps:17.0.1] AndroidManifest.xml:41:13-37
100
101        <activity
101-->[com.google.android.gms:play-services-base:17.0.0] AndroidManifest.xml:23:9-26:75
102            android:name="com.google.android.gms.common.api.GoogleApiActivity"
102-->[com.google.android.gms:play-services-base:17.0.0] AndroidManifest.xml:24:13-79
103            android:exported="false"
103-->[com.google.android.gms:play-services-base:17.0.0] AndroidManifest.xml:25:13-37
104            android:theme="@android:style/Theme.Translucent.NoTitleBar" />
104-->[com.google.android.gms:play-services-base:17.0.0] AndroidManifest.xml:26:13-72
105
106        <meta-data
106-->[com.google.android.gms:play-services-basement:17.0.0] AndroidManifest.xml:23:9-25:69
107            android:name="com.google.android.gms.version"
107-->[com.google.android.gms:play-services-basement:17.0.0] AndroidManifest.xml:24:13-58
108            android:value="@integer/google_play_services_version" />
108-->[com.google.android.gms:play-services-basement:17.0.0] AndroidManifest.xml:25:13-66
109
110        <provider
110-->[com.squareup.picasso:picasso:2.71828] AndroidManifest.xml:8:9-11:40
111            android:name="com.squareup.picasso.PicassoProvider"
111-->[com.squareup.picasso:picasso:2.71828] AndroidManifest.xml:9:13-64
112            android:authorities="com.example.appmovildoncurrulocilindro.com.squareup.picasso"
112-->[com.squareup.picasso:picasso:2.71828] AndroidManifest.xml:10:13-72
113            android:exported="false" />
113-->[com.squareup.picasso:picasso:2.71828] AndroidManifest.xml:11:13-37
114        <provider
114-->[androidx.emoji2:emoji2:1.2.0] AndroidManifest.xml:24:9-32:20
115            android:name="androidx.startup.InitializationProvider"
115-->[androidx.emoji2:emoji2:1.2.0] AndroidManifest.xml:25:13-67
116            android:authorities="com.example.appmovildoncurrulocilindro.androidx-startup"
116-->[androidx.emoji2:emoji2:1.2.0] AndroidManifest.xml:26:13-68
117            android:exported="false" >
117-->[androidx.emoji2:emoji2:1.2.0] AndroidManifest.xml:27:13-37
118            <meta-data
118-->[androidx.emoji2:emoji2:1.2.0] AndroidManifest.xml:29:13-31:52
119                android:name="androidx.emoji2.text.EmojiCompatInitializer"
119-->[androidx.emoji2:emoji2:1.2.0] AndroidManifest.xml:30:17-75
120                android:value="androidx.startup" />
120-->[androidx.emoji2:emoji2:1.2.0] AndroidManifest.xml:31:17-49
121            <meta-data
121-->[androidx.lifecycle:lifecycle-process:2.4.1] AndroidManifest.xml:31:13-33:52
122                android:name="androidx.lifecycle.ProcessLifecycleInitializer"
122-->[androidx.lifecycle:lifecycle-process:2.4.1] AndroidManifest.xml:32:17-78
123                android:value="androidx.startup" />
123-->[androidx.lifecycle:lifecycle-process:2.4.1] AndroidManifest.xml:33:17-49
124        </provider>
125    </application>
126
127</manifest>